2022-10-25T08:17:49.819698Z 0 [Warning] [MY-000081] [Server] option 'read_buffer_size': unsigned value 6144 adjusted to 8192.
2022-10-25T08:17:49.819827Z 0 [Warning] [MY-010915] [Server] 'NO_ZERO_DATE', 'NO_ZERO_IN_DATE' and 'ERROR_FOR_DIVISION_BY_ZERO' sql modes should be used with strict mode. They will be merged with strict mode in a future release.
2022-10-25T08:17:49.823015Z 0 [System] [MY-010116] [Server] C:\Program Files\MySQL\MySQL Server 8.0\bin\mysqld.exe (mysqld 8.0.31) starting as process 13944
2022-10-25T08:17:49.910367Z 0 [Warning] [MY-013907] [InnoDB] Deprecated configuration parameters innodb_log_file_size and/or innodb_log_files_in_group have been used to compute innodb_redo_log_capacity=100663296. Please use innodb_redo_log_capacity instead.
2022-10-25T08:17:49.914705Z 1 [System] [MY-013576] [InnoDB] InnoDB initialization has started.
2022-10-25T08:17:51.145579Z 1 [System] [MY-013577] [InnoDB] InnoDB initialization has ended.
2022-10-25T08:17:52.362893Z 0 [Warning] [MY-010068] [Server] CA certificate ca.pem is self signed.
2022-10-25T08:17:52.363467Z 0 [System] [MY-013602] [Server] Channel mysql_main configured to support TLS. Encrypted connections are now supported for this channel.
2022-10-25T08:17:52.409615Z 0 [System] [MY-011323] [Server] X Plugin ready for connections. Bind-address: '::' port: 33060
2022-10-25T08:17:52.409851Z 0 [System] [MY-010931] [Server] C:\Program Files\MySQL\MySQL Server 8.0\bin\mysqld.exe: ready for connections. Version: '8.0.31'  socket: ''  port: 3306  MySQL Community Server - GPL.
2022-10-27T00:27:42.405491Z 0 [System] [MY-013105] [Server] C:\Program Files\MySQL\MySQL Server 8.0\bin\mysqld.exe: Normal shutdown.
2022-10-27T00:27:44.032080Z 0 [System] [MY-010910] [Server] C:\Program Files\MySQL\MySQL Server 8.0\bin\mysqld.exe: Shutdown complete (mysqld 8.0.31)  MySQL Community Server - GPL.
2022-10-27T00:28:06.636458Z 0 [Warning] [MY-000081] [Server] option 'read_buffer_size': unsigned value 6144 adjusted to 8192.
2022-10-27T00:28:06.637339Z 0 [Warning] [MY-010915] [Server] 'NO_ZERO_DATE', 'NO_ZERO_IN_DATE' and 'ERROR_FOR_DIVISION_BY_ZERO' sql modes should be used with strict mode. They will be merged with strict mode in a future release.
2022-10-27T00:28:06.639738Z 0 [System] [MY-010116] [Server] C:\Program Files\MySQL\MySQL Server 8.0\bin\mysqld.exe (mysqld 8.0.31) starting as process 5340
2022-10-27T00:28:06.686134Z 0 [Warning] [MY-013907] [InnoDB] Deprecated configuration parameters innodb_log_file_size and/or innodb_log_files_in_group have been used to compute innodb_redo_log_capacity=100663296. Please use innodb_redo_log_capacity instead.
2022-10-27T00:28:06.755304Z 1 [System] [MY-013576] [InnoDB] InnoDB initialization has started.
2022-10-27T00:28:09.519165Z 1 [System] [MY-013577] [InnoDB] InnoDB initialization has ended.
2022-10-27T00:28:11.417710Z 0 [Warning] [MY-010068] [Server] CA certificate ca.pem is self signed.
2022-10-27T00:28:11.418327Z 0 [System] [MY-013602] [Server] Channel mysql_main configured to support TLS. Encrypted connections are now supported for this channel.
2022-10-27T00:28:11.485498Z 0 [System] [MY-010931] [Server] C:\Program Files\MySQL\MySQL Server 8.0\bin\mysqld.exe: ready for connections. Version: '8.0.31'  socket: ''  port: 3306  MySQL Community Server - GPL.
2022-10-27T00:28:11.485670Z 0 [System] [MY-011323] [Server] X Plugin ready for connections. Bind-address: '::' port: 33060
